# JRE version: OpenJDK Runtime Environment 18.9 (11.0.15+10) (build 11.0.15+10)
# Java VM: OpenJDK 64-Bit Server VM 18.9 (11.0.15+10, mixed mode, tiered, compressed oops, g1 gc, windows-amd64)
Heap:
 garbage-first heap   total 297984K, used 26017K [0x0000000741e00000, 0x0000000800000000)
  region size 1024K, 11 young (11264K), 11 survivors (11264K)
 Metaspace       used 55888K, capacity 57455K, committed 57680K, reserved 1099776K
  class space    used 7127K, capacity 7770K, committed 7804K, reserved 1048576K
GC Heap History (17 events):
Event: 0.864 GC heap before
{Heap before GC invocations=0 (full 0):
 garbage-first heap   total 196608K, used 14336K [0x0000000741e00000, 0x0000000800000000)
  region size 1024K, 14 young (14336K), 0 survivors (0K)
 Metaspace       used 9381K, capacity 9571K, committed 9728K, reserved 1058816K
  class space    used 860K, capacity 912K, committed 1024K, reserved 1048576K
}
Event: 0.870 GC heap after
{Heap after GC invocations=1 (full 0):
 garbage-first heap   total 196608K, used 6082K [0x0000000741e00000, 0x0000000800000000)
  region size 1024K, 2 young (2048K), 2 survivors (2048K)
 Metaspace       used 9381K, capacity 9571K, committed 9728K, reserved 1058816K
  class space    used 860K, capacity 912K, committed 1024K, reserved 1048576K
}
Event: 1.119 GC heap before
{Heap before GC invocations=1 (full 0):
 garbage-first heap   total 196608K, used 14274K [0x0000000741e00000, 0x0000000800000000)
  region size 1024K, 10 young (10240K), 2 survivors (2048K)
 Metaspace       used 11465K, capacity 11798K, committed 12032K, reserved 1060864K
  class space    used 1156K, capacity 1256K, committed 1280K, reserved 1048576K
}
Event: 1.123 GC heap after
{Heap after GC invocations=2 (full 0):
 garbage-first heap   total 196608K, used 6875K [0x0000000741e00000, 0x0000000800000000)
  region size 1024K, 1 young (1024K), 1 survivors (1024K)
 Metaspace       used 11465K, capacity 11798K, committed 12032K, reserved 1060864K
  class space    used 1156K, capacity 1256K, committed 1280K, reserved 1048576K
}
Event: 1.725 GC heap before
{Heap before GC invocations=2 (full 0):
 garbage-first heap   total 196608K, used 31451K [0x0000000741e00000, 0x0000000800000000)
  region size 1024K, 26 young (26624K), 1 survivors (1024K)
 Metaspace       used 17159K, capacity 17643K, committed 17792K, reserved 1064960K
  class space    used 1883K, capacity 2067K, committed 2176K, reserved 1048576K
}
Event: 1.731 GC heap after
{Heap after GC invocations=3 (full 0):
 garbage-first heap   total 196608K, used 8110K [0x0000000741e00000, 0x0000000800000000)
  region size 1024K, 2 young (2048K), 2 survivors (2048K)
 Metaspace       used 17159K, capacity 17643K, committed 17792K, reserved 1064960K
  class space    used 1883K, capacity 2067K, committed 2176K, reserved 1048576K
}
Event: 2.065 GC heap before
{Heap before GC invocations=3 (full 0):
 garbage-first heap   total 196608K, used 29614K [0x0000000741e00000, 0x0000000800000000)
  region size 1024K, 24 young (24576K), 2 survivors (2048K)
 Metaspace       used 20643K, capacity 21216K, committed 21248K, reserved 1069056K
  class space    used 2326K, capacity 2558K, committed 2560K, reserved 1048576K
}
Event: 2.071 GC heap after
{Heap after GC invocations=4 (full 0):
 garbage-first heap   total 196608K, used 8775K [0x0000000741e00000, 0x0000000800000000)
  region size 1024K, 3 young (3072K), 3 survivors (3072K)
 Metaspace       used 20643K, capacity 21216K, committed 21248K, reserved 1069056K
  class space    used 2326K, capacity 2558K, committed 2560K, reserved 1048576K
}
Event: 2.903 GC heap before
{Heap before GC invocations=5 (full 0):
 garbage-first heap   total 196608K, used 52807K [0x0000000741e00000, 0x0000000800000000)
  region size 1024K, 46 young (47104K), 3 survivors (3072K)
 Metaspace       used 23532K, capacity 24226K, committed 24316K, reserved 1071104K
  class space    used 2723K, capacity 3003K, committed 3068K, reserved 1048576K
}
Event: 2.916 GC heap after
{Heap after GC invocations=6 (full 0):
 garbage-first heap   total 236544K, used 10844K [0x0000000741e00000, 0x0000000800000000)
  region size 1024K, 5 young (5120K), 5 survivors (5120K)
 Metaspace       used 23532K, capacity 24226K, committed 24316K, reserved 1071104K
  class space    used 2723K, capacity 3003K, committed 3068K, reserved 1048576K
}
Event: 4.624 GC heap before
{Heap before GC invocations=6 (full 0):
 garbage-first heap   total 236544K, used 83548K [0x0000000741e00000, 0x0000000800000000)
  region size 1024K, 76 young (77824K), 5 survivors (5120K)
 Metaspace       used 31599K, capacity 32651K, committed 33020K, reserved 1077248K
  class space    used 3789K, capacity 4205K, committed 4348K, reserved 1048576K
}
Event: 4.637 GC heap after
{Heap after GC invocations=7 (full 0):
 garbage-first heap   total 236544K, used 15342K [0x0000000741e00000, 0x0000000800000000)
  region size 1024K, 9 young (9216K), 9 survivors (9216K)
 Metaspace       used 31599K, capacity 32651K, committed 33020K, reserved 1077248K
  class space    used 3789K, capacity 4205K, committed 4348K, reserved 1048576K
}
Event: 5.066 GC heap before
{Heap before GC invocations=7 (full 0):
 garbage-first heap   total 236544K, used 34798K [0x0000000741e00000, 0x0000000800000000)
  region size 1024K, 29 young (29696K), 9 survivors (9216K)
 Metaspace       used 34898K, capacity 35958K, committed 36048K, reserved 1081344K
  class space    used 4106K, capacity 4541K, committed 4604K, reserved 1048576K
}
Event: 5.091 GC heap after
{Heap after GC invocations=8 (full 0):
 garbage-first heap   total 236544K, used 18130K [0x0000000741e00000, 0x0000000800000000)
  region size 1024K, 10 young (10240K), 10 survivors (10240K)
 Metaspace       used 34898K, capacity 35958K, committed 36048K, reserved 1081344K
  class space    used 4106K, capacity 4541K, committed 4604K, reserved 1048576K
}
Event: 6.744 GC heap before
{Heap before GC invocations=9 (full 0):
 garbage-first heap   total 236544K, used 105170K [0x0000000741e00000, 0x0000000800000000)
  region size 1024K, 95 young (97280K), 10 survivors (10240K)
 Metaspace       used 46965K, capacity 48219K, committed 48336K, reserved 1091584K
  class space    used 5824K, capacity 6341K, committed 6396K, reserved 1048576K
}
Event: 6.774 GC heap after
{Heap after GC invocations=10 (full 0):
 garbage-first heap   total 236544K, used 21225K [0x0000000741e00000, 0x0000000800000000)
  region size 1024K, 6 young (6144K), 6 survivors (6144K)
 Metaspace       used 46965K, capacity 48219K, committed 48336K, reserved 1091584K
  class space    used 5824K, capacity 6341K, committed 6396K, reserved 1048576K
}
Event: 8.662 GC heap before
{Heap before GC invocations=11 (full 0):
 garbage-first heap   total 236544K, used 148201K [0x0000000741e00000, 0x0000000800000000)
  region size 1024K, 130 young (133120K), 6 survivors (6144K)
 Metaspace       used 55888K, capacity 57455K, committed 57680K, reserved 1099776K
  class space    used 7127K, capacity 7770K, committed 7804K, reserved 1048576K
}

